0 info it worked if it ends with ok
1 verbose cli [ 'node', '/usr/local/bin/npm', 'search' ]
2 info using npm@1.4.14
3 info using node@v0.10.29
4 warn Building the local index for the first time, please be patient
5 verbose url raw /-/all
6 verbose url resolving [ 'https://registry.npmjs.org/', './-/all' ]
7 verbose url resolved https://registry.npmjs.org/-/all
8 info trying registry request attempt 1 at 12:38:58
9 http GET https://registry.npmjs.org/-/all
10 info retry will retry, error on last attempt: Error: connect ETIMEDOUT
11 info trying registry request attempt 2 at 12:40:24
12 http GET https://registry.npmjs.org/-/all
13 info retry will retry, error on last attempt: Error: connect ETIMEDOUT
14 info trying registry request attempt 3 at 12:42:40
15 http GET https://registry.npmjs.org/-/all
16 error network connect ETIMEDOUT
16 error network This is most likely not a problem with npm itself
16 error network and is related to network connectivity.
16 error network In most cases you are behind a proxy or have bad network settings.
16 error network
16 error network If you are behind a proxy, please make sure that the
16 error network 'proxy' config is set properly.  See: 'npm help config'
17 error System Darwin 13.2.0
18 error command "node" "/usr/local/bin/npm" "search"
19 error cwd /Users/mirkoklukas/Desktop/hackerschool/multiplayer-sync-js
20 error node -v v0.10.29
21 error npm -v 1.4.14
22 error syscall connect
23 error code ETIMEDOUT
24 error errno ETIMEDOUT
25 verbose exit [ 1, true ]
